<?xml version="1.0" encoding="UTF-8"?>
<testng-results ignored="0" total="2" passed="2" failed="0" skipped="0">
  <reporter-output>
  </reporter-output>
  <suite started-at="2024-07-12T14:05:50 CDT" name="Default suite" finished-at="2024-07-12T14:05:54 CDT" duration-ms="4026">
    <groups>
      <group name="cucumber">
        <method signature="AbstractTestNGCucumberTests.feature(cucumber.api.testng.CucumberFeatureWrapper)[pri:0, instance:softwareTestRunner.Testrunner_softwareTest@792b749c]" name="feature" class="cucumber.api.testng.AbstractTestNGCucumberTests"/>
      </group> <!-- cucumber -->
    </groups>
    <test started-at="2024-07-12T14:05:50 CDT" name="Default test" finished-at="2024-07-12T14:05:54 CDT" duration-ms="4026">
      <class name="softwareTestRunner.Testrunner_softwareTest">
        <test-method is-config="true" signature="StartURL()[pri:0, instance:softwareTestRunner.Testrunner_softwareTest@792b749c]" started-at="2024-07-12T14:05:50 CDT" name="StartURL" finished-at="2024-07-12T14:05:51 CDT" duration-ms="1240" status="PASS">
          <reporter-output>
          </reporter-output>
        </test-method> <!-- StartURL -->
        <test-method is-config="true" signature="setUpClass()[pri:0, instance:softwareTestRunner.Testrunner_softwareTest@792b749c]" started-at="2024-07-12T14:05:51 CDT" name="setUpClass" finished-at="2024-07-12T14:05:52 CDT" duration-ms="195" status="PASS">
          <reporter-output>
          </reporter-output>
        </test-method> <!-- setUpClass -->
        <test-method signature="feature(cucumber.api.testng.CucumberFeatureWrapper)[pri:0, instance:softwareTestRunner.Testrunner_softwareTest@792b749c]" started-at="2024-07-12T14:05:52 CDT" name="feature" description="Runs Cucumber Feature" data-provider="features" finished-at="2024-07-12T14:05:53 CDT" duration-ms="1522" status="PASS">
          <params>
            <param index="0">
              <value>
                <![CDATA[Home page header link verification]]>
              </value>
            </param>
          </params>
          <reporter-output>
          </reporter-output>
        </test-method> <!-- feature -->
        <test-method signature="feature(cucumber.api.testng.CucumberFeatureWrapper)[pri:0, instance:softwareTestRunner.Testrunner_softwareTest@792b749c]" started-at="2024-07-12T14:05:53 CDT" name="feature" description="Runs Cucumber Feature" data-provider="features" finished-at="2024-07-12T14:05:54 CDT" duration-ms="729" status="PASS">
          <params>
            <param index="0">
              <value>
                <![CDATA[Home page header link verification]]>
              </value>
            </param>
          </params>
          <reporter-output>
          </reporter-output>
        </test-method> <!-- feature -->
        <test-method is-config="true" signature="tearDownClass()[pri:0, instance:softwareTestRunner.Testrunner_softwareTest@792b749c]" started-at="2024-07-12T14:05:54 CDT" name="tearDownClass" finished-at="2024-07-12T14:05:54 CDT" duration-ms="10" status="PASS">
          <reporter-output>
          </reporter-output>
        </test-method> <!-- tearDownClass -->
        <test-method is-config="true" signature="CloseBrowser()[pri:0, instance:softwareTestRunner.Testrunner_softwareTest@792b749c]" started-at="2024-07-12T14:05:54 CDT" name="CloseBrowser" finished-at="2024-07-12T14:05:54 CDT" duration-ms="189" status="PASS">
          <reporter-output>
          </reporter-output>
        </test-method> <!-- CloseBrowser -->
      </class> <!-- softwareTestRunner.Testrunner_softwareTest -->
    </test> <!-- Default test -->
  </suite> <!-- Default suite -->
</testng-results>
